;+----------------------------------------------------------------------------+
;| Migration Tool for NetWare Log File                                        |
;+----------------------------------------------------------------------------+
;| Created: Friday, 09/16/1994 at 16:52:06                                    |
;| System : MKJ-MAIN                                                          |
;| Admin  : margretj                                                          |
;| Version: 1.0                                                               |
;+----------------------------------------------------------------------------+
Conversion = Trial

Number of Migrations = 1

[Servers]
   From: yihsins3        To: mkj-fpnw

;+----------------------------------------------------------------------------+
;| Server Information                                                         |
;+----------------------------------------------------------------------------+

[mkj-fpnw]
   Windows NT(R) Server
   Version: 3.50

   [Drives]
      C: [ FAT] MARGRETJ
         Free Space: 88,580,096
      D: [NTFS] THOR
         Free Space: 6,138,880

   [Shares]
      NETLOGON
         Path: C:\NT\System32\repl\import\scripts 

[yihsins3]
   NetWare(R) Server
   Version: 3.11

   [Shares]
      SYS
      VOL1

;+----------------------------------------------------------------------------+
;| Setting User Defaults from Supervisor Defaults                             |
;+----------------------------------------------------------------------------+
[Original Defaults: mkj-fpnw]
   Minimum Password Length: 0
   Maximum Password Age: 40 days
   Force Logoff: 6

[Supervisor Defaults: yihsins3]
   Account expires: (Never)
   Restrictions:
      Anyone who knows password can change it
      Unique passwords required: No
   # days to Password Expiration: 40
   Initial Grace Logins: 6
   Minimum Password Length: 0
   Maximum Number of Connections: (Unlimited)
   Default Current Account Balance: 0
   Default Credit Limit: 0
   Max Disk Blocks: (Unlimited)

[New Defaults: mkj-fpnw]
   Minimum Password Length: 0
   Maximum Password Age: 40 days
   Force Logoff: 6

;+----------------------------------------------------------------------------+
;| From: yihsins3                                                             |
;| To:   mkj-fpnw                                                             |
;+----------------------------------------------------------------------------+
;| Converted: Friday, 09/16/1994 at 16:52:09                                  |
;+----------------------------------------------------------------------------+

[Transfer Options]
   Convert Users and Groups: Yes

   User Transfer Options:
      Use mapping file: Yes
         Mapping File: .\test.MAP
      Passwords: 1 - Use NULL
         User must change password: Yes
      Duplicate Names: Log Error

      Duplicate Groups: Ignore

      Use supervisor defaults: Yes
      Add Supervisors to the Administrators Group: No


[File Options]
   Convert Files: No

[Users]
   Number of Users = 2

   Users to Transfer
   +--------------------------------------------------+
    CHUCKC                                            
    YIHSINS                                           

   [CHUCKC]                                          (Added)
   Original Account Info:
      Name: 
      Account disabled: No
      Account expires: (Never)
      Password expires: (Never)
      Grace Logins: (Unlimited)
      Initial Grace Logins: (Unlimited)
      Minimum Password Length: 0
      # days to Password Expiration: (Never)
      Maximum Number of Connections: (Unlimited)
      Restrictions:
         Anyone who knows password can change it
         Unique passwords required: No
      Number of login failures: 0
      Max Disk Blocks: (Unlimited)
   
   Login Times:
    Midnight            AM                Noon              PM
       12 1  2  3  4  5  6  7  8  9  10 11 12 1  2  3  4  5  6  7  8  9  10 11
      +-----------------------------------------------------------------------+
   Sun ** ** ** ** ** ** ** ** ** ** ** ** ** ** ** ** ** ** ** ** ** ** ** ** 
   Mon ** ** ** ** ** ** ** ** ** ** ** ** ** ** ** ** ** ** ** ** ** ** ** ** 
   Tue ** ** ** ** ** ** ** ** ** ** ** ** ** ** ** ** ** ** ** ** ** ** ** ** 
   Wed ** ** ** ** ** ** ** ** ** ** ** ** ** ** ** ** ** ** ** ** ** ** ** ** 
   Thu ** ** ** ** ** ** ** ** ** ** ** ** ** ** ** ** ** ** ** ** ** ** ** ** 
   Fri ** ** ** ** ** ** ** ** ** ** ** ** ** ** ** ** ** ** ** ** ** ** ** ** 
   Sat ** ** ** ** ** ** ** ** ** ** ** ** ** ** ** ** ** ** ** ** ** ** ** ** 

   New Account Info:
      Name: 
      Password: 
      Privilege: User
      Home Dir: 
      Comment: 
      Flags:
         Execute login script: Yes
         Account disabled: No
         Deleting prohibited: No
         Home dir required: No
         Password required: Yes
         User can change password: Yes
      Script path: 
      Full Name: 
      Logon Server: 
   
   Logon Hours:
    Midnight            AM                Noon              PM
       12 1  2  3  4  5  6  7  8  9  10 11 12 1  2  3  4  5  6  7  8  9  10 11
      +-----------------------------------------------------------------------+
   Sun ** ** ** ** ** ** ** ** ** ** ** ** ** ** ** ** ** ** ** ** ** ** ** ** 
   Mon ** ** ** ** ** ** ** ** ** ** ** ** ** ** ** ** ** ** ** ** ** ** ** ** 
   Tue ** ** ** ** ** ** ** ** ** ** ** ** ** ** ** ** ** ** ** ** ** ** ** ** 
   Wed ** ** ** ** ** ** ** ** ** ** ** ** ** ** ** ** ** ** ** ** ** ** ** ** 
   Thu ** ** ** ** ** ** ** ** ** ** ** ** ** ** ** ** ** ** ** ** ** ** ** ** 
   Fri ** ** ** ** ** ** ** ** ** ** ** ** ** ** ** ** ** ** ** ** ** ** ** ** 
   Sat ** ** ** ** ** ** ** ** ** ** ** ** ** ** ** ** ** ** ** ** ** ** ** ** 



   [YIHSINS]                                         (Added)
   Original Account Info:
      Name: 
      Account disabled: No
      Account expires: (Never)
      Password expires: (Never)
      Grace Logins: (Unlimited)
      Initial Grace Logins: (Unlimited)
      Minimum Password Length: 0
      # days to Password Expiration: (Never)
      Maximum Number of Connections: (Unlimited)
      Restrictions:
         Anyone who knows password can change it
         Unique passwords required: No
      Number of login failures: 0
      Max Disk Blocks: (Unlimited)
   
   Login Times:
    Midnight            AM                Noon              PM
       12 1  2  3  4  5  6  7  8  9  10 11 12 1  2  3  4  5  6  7  8  9  10 11
      +-----------------------------------------------------------------------+
   Sun ** ** ** ** ** ** ** ** ** ** ** ** ** ** ** ** ** ** ** ** ** ** ** ** 
   Mon ** ** ** ** ** ** ** ** ** ** ** ** ** ** ** ** ** ** ** ** ** ** ** ** 
   Tue ** ** ** ** ** ** ** ** ** ** ** ** ** ** ** ** ** ** ** ** ** ** ** ** 
   Wed ** ** ** ** ** ** ** ** ** ** ** ** ** ** ** ** ** ** ** ** ** ** ** ** 
   Thu ** ** ** ** ** ** ** ** ** ** ** ** ** ** ** ** ** ** ** ** ** ** ** ** 
   Fri ** ** ** ** ** ** ** ** ** ** ** ** ** ** ** ** ** ** ** ** ** ** ** ** 
   Sat ** ** ** ** ** ** ** ** ** ** ** ** ** ** ** ** ** ** ** ** ** ** ** ** 

   New Account Info:
      Name: 
      Password: 
      Privilege: User
      Home Dir: 
      Comment: 
      Flags:
         Execute login script: Yes
         Account disabled: No
         Deleting prohibited: No
         Home dir required: No
         Password required: Yes
         User can change password: Yes
      Script path: 
      Full Name: 
      Logon Server: 
   
   Logon Hours:
    Midnight            AM                Noon              PM
       12 1  2  3  4  5  6  7  8  9  10 11 12 1  2  3  4  5  6  7  8  9  10 11
      +-----------------------------------------------------------------------+
   Sun ** ** ** ** ** ** ** ** ** ** ** ** ** ** ** ** ** ** ** ** ** ** ** ** 
   Mon ** ** ** ** ** ** ** ** ** ** ** ** ** ** ** ** ** ** ** ** ** ** ** ** 
   Tue ** ** ** ** ** ** ** ** ** ** ** ** ** ** ** ** ** ** ** ** ** ** ** ** 
   Wed ** ** ** ** ** ** ** ** ** ** ** ** ** ** ** ** ** ** ** ** ** ** ** ** 
   Thu ** ** ** ** ** ** ** ** ** ** ** ** ** ** ** ** ** ** ** ** ** ** ** ** 
   Fri ** ** ** ** ** ** ** ** ** ** ** ** ** ** ** ** ** ** ** ** ** ** ** ** 
   Sat ** ** ** ** ** ** ** ** ** ** ** ** ** ** ** ** ** ** ** ** ** ** ** ** 




[Groups]
   Number Groups = 1
   NTGATEWAY                                         

   [NTGATEWAY]
      Domain Admins       



Conversion Finished: Friday, 09/16/1994 at 16:52:19
