2220  warning treated as error - no object file generated
4700  #pragma comment "%s" unsupported
4701  No __asm label reference to "%s"
4702  Branch displacement not a multiple of 2 %s
4703  Unaligned displacement (%d) - truncating
4704  Value of integer constant cannot be cast exactly
4705  Invalid -debug phase name (%s)
4706  Invalid -debug sub-phase name (%s)
4707  Invalid -debug hex constant mask (%s)
4708  __asm label "%s" definition after argument code
4709  Ignoring unrecognized command line argument "%s"
4710  Use of potentially uninitialized variable %s
4711  Expression causes divide/remainder by zero
4712  __jump_unwind called
4713  A function that was inlined into function "%s" might not return a value
4714  Costly unaligned data access
5000  Couldn't open listing file "%s": %s
5001  #pragma warning %d out of range (%d - %d)
5002  #pragma warning %d unknown type %d
5003  Couldn't open errortext file "%s": %s
5004  Couldn't read from errortext file "%s": %s
5005  Couldn't find error %d in errortext file "%s"
5006  This modifier is not valid for this instruction
5007  Modifier/operand combo invalid for target "%s"
5008  This modifier is not valid with these operands
5009  Operand %d type %s is invalid for this instruction
5010  Invalid operand types (%s, %s) for this instruction
5011  The first operand must be fr0
5012  %d (0x%x) is out of range; must be >= %d and <= %u
5013  Cannot use register %s here; only %s is valid
5014  Unaligned displacement value %d; truncating to %d
6000  Encountered NULL Function Symbol%s
6001  alloca() is called & optimizer is using R14
6002  Bad frame size (fs %d < %d)%s
6003  ExitInstr is NULL%s
6004  EntryInstr is NULL%s
6005  Encountered unexpected %s[%d]%s
6006  Encountered unexpected addressing mode %d%s
6007  Encountered NULL real string%s
6008  Encountered unexpected %s cast%s
6009  Encountered unexpected type %d%s
6010  Encountered unexpected floating point type %d%s
6011  Encountered unexpected expr type %d%s
6012  Cannot take address of register variable %s%s
6013  Register assigned to unexpected variable type%s
6014  Encountered unexpected alignment %d%s
6015  Struct size %d not multiple of align %d%s
6016  Encountered bad input arguments%s
6017  Encountered bad branch value%s
6018  Encountered unexpected evaluation context %d%s
6019  Too many nested switch statements%s
6020  Attempted to pop from empty label stack%s
6021  Encountered intrinsic not in%s table%s
6022  Encountered unexpected runtime routine %d%s
6023  Encountered unexpected IL node d_type %d%s
6024  Unexpected real/int64 %s[%d]%s
6025  Attempted to free NULL pointer%s
6026  Attempted to allocate %s before %s%s
6027  Encountered unexpected last instruction%s
6028  Encountered unexpected non-unique operand
6029  Displacement %d not multiple of size (%d)%s
6030  Displacement %d is too large (max %d)%s
6031  Detected invalid instruction%s
6032  Modifier .%s is not valid for this instruction
6033  Modifier/operand combo invalid for target "%s"
6034  This modifier is not valid with these operands
6035  Operand %d type %s is invalid for this instruction
6036  Invalid operand types (%s, %s) for this instruction
6037  The first operand must be fr0
6038  %d (0x%x) is out of range; must be >= %d and <= %u
6039  Cannot use register %s here; only %s is valid
6040  Unaligned displacement value %d; truncating to %d
6041  Found builtin "%s"
6042  Incorrect __asm specification in "%s"
6043  No definition for __asm label "%s"
6044  Multiple definitions for __asm label "%s"
6045  No .prolog allowed in non-naked __asm
6046  Displacement %d out of range %s
6047  Invalid delay slot instruction "%s"
6048  Delay slot instruction missing for "%s"
6049  Spawn of %s failed
6050  %s
6051  Internal Compiler Error (0x%x)
6052  __jump_unwind called
6053  __except in finally block not allowed
6054  Sorry, C++ EH in "%s" not supported yet
7000  An undefined error code (%d) snuck in
7001  Allocation failed -- out of memory%s!
7002  Failed assertion "%s" (cbe %s, line %d)
7003  Couldn't open intermediate file "%s": %s
7004  Couldn't open object file "%s": %s
7005  Could not write to disk
7006  %s
